0 info it worked if it ends with ok
1 verbose cli [ 'E:\\Node JS\\\\node.exe',
1 verbose cli   'E:\\Node JS\\node_modules\\npm\\bin\\npm-cli.js',
1 verbose cli   'install',
1 verbose cli   'uuid',
1 verbose cli   '--save' ]
2 info using npm@1.4.28
3 info using node@v0.10.33
4 verbose node symlink E:\Node JS\\node.exe
5 error Error: ENOENT, stat 'C:\Users\jl222xa.LNU\AppData\Roaming\npm'
6 error If you need help, you may report this *entire* log,
6 error including the npm and node versions, at:
6 error     <http://github.com/npm/npm/issues>
7 error System Windows_NT 6.1.7601
8 error command "E:\\Node JS\\\\node.exe" "E:\\Node JS\\node_modules\\npm\\bin\\npm-cli.js" "install" "uuid" "--save"
9 error cwd E:\Skolarbeten\Laborationer\RIA JS\RIA-JS
10 error node -v v0.10.33
11 error npm -v 1.4.28
12 error path C:\Users\jl222xa.LNU\AppData\Roaming\npm
13 error code ENOENT
14 error errno 34
15 verbose exit [ 34, true ]
